Log file open, 12/27/18 14:37:20
LogWindows: Failed to load 'aqProf.dll' (GetLastError=126)
LogWindows: File 'aqProf.dll' does not exist
LogWindows: Failed to load 'VtuneApi.dll' (GetLastError=126)
LogWindows: File 'VtuneApi.dll' does not exist
LogWindows: Failed to load 'VtuneApi32e.dll' (GetLastError=126)
LogWindows: File 'VtuneApi32e.dll' does not exist
LogConsoleResponse: Display: Failed to find resolution value strings in scalability ini. Falling back to default.
LogInit: Display: Running engine for game: CrossyRoad
LogPakFile: Registered encryption key '00000000000000000000000000000000': 0 pak files mounted, 0 remain pending
LogPlatformFile: Not using cached read wrapper
LogTaskGraph: Started task graph with 5 named threads and 14 total threads with 3 sets of task threads.
LogStats: Stats thread started at 0.200101
LogD3D11RHI: Loaded GFSDK_Aftermath_Lib.x64.dll
LogICUInternationalization: ICU TimeZone Detection - Raw Offset: -8:00, Platform Override: ''
LogPluginManager: Mounting plugin Paper2D
LogPluginManager: Mounting plugin AISupport
LogPluginManager: Mounting plugin LightPropagationVolume
LogPluginManager: Mounting plugin ActorLayerUtilities
LogPluginManager: Mounting plugin CLionSourceCodeAccess
LogPluginManager: Mounting plugin CodeLiteSourceCodeAccess
LogPluginManager: Mounting plugin GitSourceControl
LogPluginManager: Mounting plugin KDevelopSourceCodeAccess
LogPluginManager: Mounting plugin NullSourceCodeAccess
LogPluginManager: Mounting plugin PerforceSourceControl
LogPluginManager: Mounting plugin SubversionSourceControl
LogPluginManager: Mounting plugin UObjectPlugin
LogPluginManager: Mounting plugin VisualStudioCodeSourceCodeAccess
LogPluginManager: Mounting plugin VisualStudioSourceCodeAccess
LogPluginManager: Mounting plugin XCodeSourceCodeAccess
LogPluginManager: Mounting plugin AssetManagerEditor
LogPluginManager: Mounting plugin CryptoKeys
LogPluginManager: Mounting plugin DataValidation
LogPluginManager: Mounting plugin FacialAnimation
LogPluginManager: Mounting plugin GameplayTagsEditor
LogPluginManager: Mounting plugin MacGraphicsSwitching
LogPluginManager: Mounting plugin MeshEditor
LogPluginManager: Mounting plugin MobileLauncherProfileWizard
LogPluginManager: Mounting plugin PluginBrowser
LogPluginManager: Mounting plugin SpeedTreeImporter
LogPluginManager: Mounting plugin DatasmithContent
LogPluginManager: Mounting plugin VariantManagerContent
LogPluginManager: Mounting plugin AlembicImporter
LogPluginManager: Mounting plugin AppleImageUtils
LogPluginManager: Mounting plugin AppleVision
LogPluginManager: Mounting plugin BackChannel
LogPluginManager: Mounting plugin CharacterAI
LogPluginManager: Mounting plugin GeometryCache
LogPluginManager: Mounting plugin HTML5Networking
LogPluginManager: Mounting plugin ProxyLODPlugin
LogPluginManager: Mounting plugin MagicLeap
LogPluginManager: Mounting plugin MagicLeapMedia
LogPluginManager: Mounting plugin AndroidMedia
LogPluginManager: Mounting plugin AvfMedia
LogPluginManager: Mounting plugin ImgMedia
LogPluginManager: Mounting plugin LinearTimecode
LogPluginManager: Mounting plugin MediaCompositing
LogPluginManager: Mounting plugin MediaPlayerEditor
LogPluginManager: Mounting plugin WebMMedia
LogPluginManager: Mounting plugin WmfMedia
LogPluginManager: Mounting plugin TcpMessaging
LogPluginManager: Mounting plugin UdpMessaging
LogPluginManager: Mounting plugin ActorSequence
LogPluginManager: Mounting plugin LevelSequenceEditor
LogPluginManager: Mounting plugin MatineeToLevelSequence
LogPluginManager: Mounting plugin NetcodeUnitTest
LogPluginManager: Mounting plugin NUTUnrealEngine4
LogPluginManager: Mounting plugin OnlineSubsystemGooglePlay
LogPluginManager: Mounting plugin OnlineSubsystemIOS
LogPluginManager: Mounting plugin OnlineSubsystem
LogPluginManager: Mounting plugin OnlineSubsystemNull
LogPluginManager: Mounting plugin OnlineSubsystemUtils
LogPluginManager: Mounting plugin LauncherChunkInstaller
LogPluginManager: Mounting plugin AndroidDeviceProfileSelector
LogPluginManager: Mounting plugin AndroidMoviePlayer
LogPluginManager: Mounting plugin AndroidPermission
LogPluginManager: Mounting plugin AppleMoviePlayer
LogPluginManager: Mounting plugin ArchVisCharacter
LogPluginManager: Mounting plugin AudioCapture
LogPluginManager: Mounting plugin CableComponent
LogPluginManager: Mounting plugin CustomMeshComponent
LogPluginManager: Mounting plugin EditableMesh
LogPluginManager: Mounting plugin ExampleDeviceProfileSelector
LogPluginManager: Mounting plugin Firebase
LogPluginManager: Mounting plugin GoogleCloudMessaging
LogPluginManager: Mounting plugin IOSDeviceProfileSelector
LogPluginManager: Mounting plugin LinuxDeviceProfileSelector
LogPluginManager: Mounting plugin LocationServicesBPLibrary
LogPluginManager: Mounting plugin MobilePatchingUtils
LogPluginManager: Mounting plugin OculusVR
LogPluginManager: Mounting plugin PhysXVehicles
LogPluginManager: Mounting plugin ProceduralMeshComponent
LogPluginManager: Mounting plugin RuntimePhysXCooking
LogPluginManager: Mounting plugin SteamVR
LogPluginManager: Mounting plugin WebMMoviePlayer
LogPluginManager: Mounting plugin WindowsMoviePlayer
LogStreaming: Display: Took  0.179s to configure plugins.
LogInit: Using libcurl 7.55.1-DEV
LogInit:  - built for x86_64-pc-win32
LogInit:  - supports SSL with OpenSSL/1.0.2h
LogInit:  - supports HTTP deflate (compression) using libz 1.2.8
LogInit:  - other features:
LogInit:      CURL_VERSION_SSL
LogInit:      CURL_VERSION_LIBZ
LogInit:      CURL_VERSION_IPV6
LogInit:      CURL_VERSION_ASYNCHDNS
LogInit:      CURL_VERSION_LARGEFILE
LogInit:      CURL_VERSION_IDN
LogInit:  CurlRequestOptions (configurable via config and command line):
LogInit:  - bVerifyPeer = true  - Libcurl will verify peer certificate
LogInit:  - bUseHttpProxy = false  - Libcurl will NOT use HTTP proxy
LogInit:  - bDontReuseConnections = false  - Libcurl will reuse connections
LogInit:  - MaxHostConnections = 16  - Libcurl will limit the number of connections to a host
LogInit:  - LocalHostAddr = Default
LogInit:  - BufferSize = 65536
LogInit: WinSock: version 1.1 (2.2), MaxSocks=32767, MaxUdp=65467
LogInit: Build: ++UE4+Release-4.21-CL-4613538
LogInit: Engine Version: 4.21.1-4613538+++UE4+Release-4.21
LogInit: Compatible Engine Version: 4.21.0-4541578+++UE4+Release-4.21
LogInit: Net CL: 4541578
LogInit: OS: Windows 8.1 (), CPU:        Intel(R) Core(TM) i5-2500K CPU @ 3.30GHz, GPU: NVIDIA GeForce GTX 660
LogInit: Compiled (64-bit): Nov 30 2018 04:13:25
LogInit: Compiled with Visual C++: 19.13.26129.00
LogInit: Build Configuration: Development
LogInit: Branch Name: ++UE4+Release-4.21
LogInit: Command Line: 
LogInit: Base Directory: C:/Program Files/Epic Games/UE_4.21/Engine/Binaries/Win64/
LogInit: Installed Engine Build: 1
LogDevObjectVersion: Number of dev versions registered: 22
LogDevObjectVersion:   Dev-Blueprints (B0D832E4-1F89-4F0D-ACCF-7EB736FD4AA2): 10
LogDevObjectVersion:   Dev-Build (E1C64328-A22C-4D53-A36C-8E866417BD8C): 0
LogDevObjectVersion:   Dev-Core (375EC13C-06E4-48FB-B500-84F0262A717E): 2
LogDevObjectVersion:   Dev-Editor (E4B068ED-F494-42E9-A231-DA0B2E46BB41): 26
LogDevObjectVersion:   Dev-Framework (CFFC743F-43B0-4480-9391-14DF171D2073): 34
LogDevObjectVersion:   Dev-Mobile (B02B49B5-BB20-44E9-A304-32B752E40360): 2
LogDevObjectVersion:   Dev-Networking (A4E4105C-59A1-49B5-A7C5-40C4547EDFEE): 0
LogDevObjectVersion:   Dev-Online (39C831C9-5AE6-47DC-9A44-9C173E1C8E7C): 0
LogDevObjectVersion:   Dev-Physics (78F01B33-EBEA-4F98-B9B4-84EACCB95AA2): 0
LogDevObjectVersion:   Dev-Platform (6631380F-2D4D-43E0-8009-CF276956A95A): 0
LogDevObjectVersion:   Dev-Rendering (12F88B9F-8875-4AFC-A67C-D90C383ABD29): 27
LogDevObjectVersion:   Dev-Sequencer (7B5AE74C-D270-4C10-A958-57980B212A5A): 9
LogDevObjectVersion:   Dev-VR (D7296918-1DD6-4BDD-9DE2-64A83CC13884): 2
LogDevObjectVersion:   Dev-LoadTimes (C2A15278-BFE7-4AFE-6C17-90FF531DF755): 1
LogDevObjectVersion:   Private-Geometry (6EACA3D4-40EC-4CC1-B786-8BED09428FC5): 3
LogDevObjectVersion:   Dev-AnimPhys (29E575DD-E0A3-4627-9D10-D276232CDCEA): 17
LogDevObjectVersion:   Dev-Anim (AF43A65D-7FD3-4947-9873-3E8ED9C1BB05): 2
LogDevObjectVersion:   Dev-ReflectionCapture (6B266CEC-1EC7-4B8F-A30B-E4D90942FC07): 1
LogDevObjectVersion:   Dev-Automation (0DF73D61-A23F-47EA-B727-89E90C41499A): 1
LogDevObjectVersion:   FortniteMain (601D1886-AC64-4F84-AA16-D3DE0DEAC7D6): 17
LogDevObjectVersion:   Dev-Enterprise (9DFFBCD6-494F-0158-E221-12823C92A888): 4
LogDevObjectVersion:   Dev-Niagara (F2AED0AC-9AFE-416F-8664-AA7FFA26D6FC): 1
LogStreaming: Display: Took  0.001s to delete old logs.
LogInit: Presizing for max 8388607 objects, including 0 objects not considered by GC, pre-allocating 0 bytes for permanent pool.
LogInit: Object subsystem initialized
LogConfig: Setting CVar [[con.DebugEarlyDefault:1]]
LogConfig: Setting CVar [[r.setres:1280x720]]
[2018.12.27-22.37.20:681][  0]LogConfig: Setting CVar [[r.VSync:0]]
[2018.12.27-22.37.20:681][  0]LogConfig: Setting CVar [[r.RHICmdBypass:0]]
[2018.12.27-22.37.20:681][  0]LogConfig: Applying CVar settings from Section [/Script/Engine.RendererSettings] File [C:/Users/Paul/Documents/GitHub/crossyroad/CrossyRoad/Saved/Config/Windows/Engine.ini]
[2018.12.27-22.37.20:681][  0]LogConfig: Setting CVar [[r.GPUCrashDebugging:0]]
[2018.12.27-22.37.20:681][  0]LogConfig: Applying CVar settings from Section [/Script/Engine.RendererOverrideSettings] File [C:/Users/Paul/Documents/GitHub/crossyroad/CrossyRoad/Saved/Config/Windows/Engine.ini]
[2018.12.27-22.37.20:681][  0]LogConfig: Applying CVar settings from Section [/Script/Engine.StreamingSettings] File [C:/Users/Paul/Documents/GitHub/crossyroad/CrossyRoad/Saved/Config/Windows/Engine.ini]
[2018.12.27-22.37.20:681][  0]LogConfig: Setting CVar [[s.MinBulkDataSizeForAsyncLoading:131072]]
[2018.12.27-22.37.20:682][  0]LogConfig: Setting CVar [[s.AsyncLoadingThreadEnabled:0]]
[2018.12.27-22.37.20:682][  0]LogConfig: Setting CVar [[s.EventDrivenLoaderEnabled:1]]
[2018.12.27-22.37.20:682][  0]LogConfig: Setting CVar [[s.WarnIfTimeLimitExceeded:0]]
[2018.12.27-22.37.20:682][  0]LogConfig: Setting CVar [[s.TimeLimitExceededMultiplier:1.5]]
[2018.12.27-22.37.20:682][  0]LogConfig: Setting CVar [[s.TimeLimitExceededMinTime:0.005]]
[2018.12.27-22.37.20:682][  0]LogConfig: Setting CVar [[s.UseBackgroundLevelStreaming:1]]
[2018.12.27-22.37.20:682][  0]LogConfig: Setting CVar [[s.PriorityAsyncLoadingExtraTime:15.0]]
[2018.12.27-22.37.20:682][  0]LogConfig: Setting CVar [[s.LevelStreamingActorsUpdateTimeLimit:5.0]]
[2018.12.27-22.37.20:682][  0]LogConfig: Setting CVar [[s.PriorityLevelStreamingActorsUpdateExtraTime:5.0]]
[2018.12.27-22.37.20:682][  0]LogConfig: Setting CVar [[s.LevelStreamingComponentsRegistrationGranularity:10]]
[2018.12.27-22.37.20:682][  0]LogConfig: Setting CVar [[s.UnregisterComponentsTimeLimit:1.0]]
[2018.12.27-22.37.20:682][  0]LogConfig: Setting CVar [[s.LevelStreamingComponentsUnregistrationGranularity:5]]
[2018.12.27-22.37.20:682][  0]LogConfig: Applying CVar settings from Section [/Script/Engine.GarbageCollectionSettings] File [C:/Users/Paul/Documents/GitHub/crossyroad/CrossyRoad/Saved/Config/Windows/Engine.ini]
[2018.12.27-22.37.20:682][  0]LogConfig: Setting CVar [[gc.MaxObjectsNotConsideredByGC:1]]
[2018.12.27-22.37.20:682][  0]LogConfig: Setting CVar [[gc.SizeOfPermanentObjectPool:0]]
[2018.12.27-22.37.20:682][  0]LogConfig: Setting CVar [[gc.FlushStreamingOnGC:0]]
[2018.12.27-22.37.20:682][  0]LogConfig: Setting CVar [[gc.NumRetriesBeforeForcingGC:10]]
[2018.12.27-22.37.20:682][  0]LogConfig: Setting CVar [[gc.AllowParallelGC:1]]
[2018.12.27-22.37.20:682][  0]LogConfig: Setting CVar [[gc.TimeBetweenPurgingPendingKillObjects:61.1]]
[2018.12.27-22.37.20:682][  0]LogConfig: Setting CVar [[gc.MaxObjectsInEditor:8388607]]
[2018.12.27-22.37.20:682][  0]LogConfig: Setting CVar [[gc.IncrementalBeginDestroyEnabled:1]]
[2018.12.27-22.37.20:682][  0]LogConfig: Setting CVar [[gc.CreateGCClusters:1]]
[2018.12.27-22.37.20:682][  0]LogConfig: Setting CVar [[gc.MergeGCClusters:0]]
[2018.12.27-22.37.20:682][  0]LogConfig: Setting CVar [[gc.MinGCClusterSize:5]]
[2018.12.27-22.37.20:682][  0]LogConfig: Setting CVar [[gc.ActorClusteringEnabled:0]]
[2018.12.27-22.37.20:682][  0]LogConfig: Setting CVar [[gc.BlueprintClusteringEnabled:0]]
[2018.12.27-22.37.20:682][  0]LogConfig: Setting CVar [[gc.UseDisregardForGCOnDedicatedServers:0]]
[2018.12.27-22.37.20:682][  0]LogConfig: Applying CVar settings from Section [/Script/Engine.NetworkSettings] File [C:/Users/Paul/Documents/GitHub/crossyroad/CrossyRoad/Saved/Config/Windows/Engine.ini]
[2018.12.27-22.37.20:682][  0]LogConfig: Applying CVar settings from Section [/Script/UnrealEd.CookerSettings] File [C:/Users/Paul/Documents/GitHub/crossyroad/CrossyRoad/Saved/Config/Windows/Engine.ini]
[2018.12.27-22.37.20:687][  0]LogConfig: Applying CVar settings from Section [ViewDistanceQuality@3] File [C:/Users/Paul/Documents/GitHub/crossyroad/CrossyRoad/Saved/Config/Windows/Scalability.ini]
[2018.12.27-22.37.20:687][  0]LogConfig: Setting CVar [[r.SkeletalMeshLODBias:0]]
[2018.12.27-22.37.20:687][  0]LogConfig: Setting CVar [[r.ViewDistanceScale:1.0]]
[2018.12.27-22.37.20:687][  0]LogConfig: Applying CVar settings from Section [AntiAliasingQuality@3] File [C:/Users/Paul/Documents/GitHub/crossyroad/CrossyRoad/Saved/Config/Windows/Scalability.ini]
[2018.12.27-22.37.20:687][  0]LogConfig: Setting CVar [[r.PostProcessAAQuality:4]]
[2018.12.27-22.37.20:687][  0]LogConfig: Applying CVar settings from Section [ShadowQuality@3] File [C:/Users/Paul/Documents/GitHub/crossyroad/CrossyRoad/Saved/Config/Windows/Scalability.ini]
[2018.12.27-22.37.20:687][  0]LogConfig: Setting CVar [[r.LightFunctionQuality:1]]
[2018.12.27-22.37.20:687][  0]LogConfig: Setting CVar [[r.ShadowQuality:5]]
[2018.12.27-22.37.20:687][  0]LogConfig: Setting CVar [[r.Shadow.CSM.MaxCascades:10]]
[2018.12.27-22.37.20:687][  0]LogConfig: Setting CVar [[r.Shadow.MaxResolution:2048]]
[2018.12.27-22.37.20:687][  0]LogConfig: Setting CVar [[r.Shadow.MaxCSMResolution:2048]]
[2018.12.27-22.37.20:687][  0]LogConfig: Setting CVar [[r.Shadow.RadiusThreshold:0.01]]
[2018.12.27-22.37.20:687][  0]LogConfig: Setting CVar [[r.Shadow.DistanceScale:1.0]]
[2018.12.27-22.37.20:687][  0]LogConfig: Setting CVar [[r.Shadow.CSM.TransitionScale:1.0]]
[2018.12.27-22.37.20:687][  0]LogConfig: Setting CVar [[r.Shadow.PreShadowResolutionFactor:1.0]]
[2018.12.27-22.37.20:687][  0]LogConfig: Setting CVar [[r.DistanceFieldShadowing:1]]
[2018.12.27-22.37.20:687][  0]LogConfig: Setting CVar [[r.DistanceFieldAO:1]]
[2018.12.27-22.37.20:687][  0]LogConfig: Setting CVar [[r.AOQuality:2]]
[2018.12.27-22.37.20:687][  0]LogConfig: Setting CVar [[r.VolumetricFog:1]]
[2018.12.27-22.37.20:687][  0]LogConfig: Setting CVar [[r.VolumetricFog.GridPixelSize:8]]
[2018.12.27-22.37.20:687][  0]LogConfig: Setting CVar [[r.VolumetricFog.GridSizeZ:128]]
[2018.12.27-22.37.20:687][  0]LogConfig: Setting CVar [[r.VolumetricFog.HistoryMissSupersampleCount:4]]
[2018.12.27-22.37.20:687][  0]LogConfig: Setting CVar [[r.LightMaxDrawDistanceScale:1]]
[2018.12.27-22.37.20:687][  0]LogConfig: Setting CVar [[r.CapsuleShadows:1]]
[2018.12.27-22.37.20:687][  0]LogConfig: Applying CVar settings from Section [PostProcessQuality@3] File [C:/Users/Paul/Documents/GitHub/crossyroad/CrossyRoad/Saved/Config/Windows/Scalability.ini]
[2018.12.27-22.37.20:687][  0]LogConfig: Setting CVar [[r.MotionBlurQuality:4]]
[2018.12.27-22.37.20:687][  0]LogConfig: Setting CVar [[r.AmbientOcclusionMipLevelFactor:0.4]]
[2018.12.27-22.37.20:687][  0]LogConfig: Setting CVar [[r.AmbientOcclusionMaxQuality:100]]
[2018.12.27-22.37.20:687][  0]LogConfig: Setting CVar [[r.AmbientOcclusionLevels:-1]]
[2018.12.27-22.37.20:687][  0]LogConfig: Setting CVar [[r.AmbientOcclusionRadiusScale:1.0]]
[2018.12.27-22.37.20:687][  0]LogConfig: Setting CVar [[r.DepthOfFieldQuality:2]]
[2018.12.27-22.37.20:687][  0]LogConfig: Setting CVar [[r.RenderTargetPoolMin:400]]
[2018.12.27-22.37.20:687][  0]LogConfig: Setting CVar [[r.LensFlareQuality:2]]
[2018.12.27-22.37.20:687][  0]LogConfig: Setting CVar [[r.SceneColorFringeQuality:1]]
[2018.12.27-22.37.20:687][  0]LogConfig: Setting CVar [[r.EyeAdaptationQuality:2]]
[2018.12.27-22.37.20:687][  0]LogConfig: Setting CVar [[r.BloomQuality:5]]
[2018.12.27-22.37.20:687][  0]LogConfig: Setting CVar [[r.FastBlurThreshold:100]]
[2018.12.27-22.37.20:687][  0]LogConfig: Setting CVar [[r.Upscale.Quality:3]]
[2018.12.27-22.37.20:687][  0]LogConfig: Setting CVar [[r.Tonemapper.GrainQuantization:1]]
[2018.12.27-22.37.20:687][  0]LogConfig: Setting CVar [[r.LightShaftQuality:1]]
[2018.12.27-22.37.20:687][  0]LogConfig: Setting CVar [[r.Filter.SizeScale:1]]
[2018.12.27-22.37.20:687][  0]LogConfig: Setting CVar [[r.Tonemapper.Quality:5]]
[2018.12.27-22.37.20:687][  0]LogConfig: Setting CVar [[r.DOF.Gather.AccumulatorQuality:1        ; higher gathering accumulator quality]]
[2018.12.27-22.37.20:687][  0]LogConfig: Setting CVar [[r.DOF.Gather.PostfilterMethod:1          ; Median3x3 postfilering method]]
[2018.12.27-22.37.20:687][  0]LogConfig: Setting CVar [[r.DOF.Gather.EnableBokehSettings:0       ; no bokeh simulation when gathering]]
[2018.12.27-22.37.20:687][  0]LogConfig: Setting CVar [[r.DOF.Gather.RingCount:4                 ; medium number of samples when gathering]]
[2018.12.27-22.37.20:687][  0]LogConfig: Setting CVar [[r.DOF.Scatter.ForegroundCompositing:1    ; additive foreground scattering]]
[2018.12.27-22.37.20:687][  0]LogConfig: Setting CVar [[r.DOF.Scatter.BackgroundCompositing:2    ; additive background scattering]]
[2018.12.27-22.37.20:687][  0]LogConfig: Setting CVar [[r.DOF.Scatter.EnableBokehSettings:1      ; bokeh simulation when scattering]]
[2018.12.27-22.37.20:687][  0]LogConfig: Setting CVar [[r.DOF.Scatter.MaxSpriteRatio:0.1         ; only a maximum of 10% of scattered bokeh]]
[2018.12.27-22.37.20:687][  0]LogConfig: Setting CVar [[r.DOF.Recombine.Quality:1                ; cheap slight out of focus]]
[2018.12.27-22.37.20:687][  0]LogConfig: Setting CVar [[r.DOF.Recombine.EnableBokehSettings:0    ; no bokeh simulation on slight out of focus]]
[2018.12.27-22.37.20:687][  0]LogConfig: Setting CVar [[r.DOF.TemporalAAQuality:1                ; more stable temporal accumulation]]
[2018.12.27-22.37.20:687][  0]LogConfig: Setting CVar [[r.DOF.Kernel.MaxForegroundRadius:0.025]]
[2018.12.27-22.37.20:687][  0]LogConfig: Setting CVar [[r.DOF.Kernel.MaxBackgroundRadius:0.025]]
[2018.12.27-22.37.20:687][  0]LogConfig: Applying CVar settings from Section [TextureQuality@3] File [C:/Users/Paul/Documents/GitHub/crossyroad/CrossyRoad/Saved/Config/Windows/Scalability.ini]
[2018.12.27-22.37.20:687][  0]LogConfig: Setting CVar [[r.Streaming.MipBias:0]]
[2018.12.27-22.37.20:687][  0]LogConfig: Setting CVar [[r.Streaming.AmortizeCPUToGPUCopy:0]]
[2018.12.27-22.37.20:687][  0]LogConfig: Setting CVar [[r.Streaming.MaxNumTexturesToStreamPerFrame:0]]
[2018.12.27-22.37.20:687][  0]LogConfig: Setting CVar [[r.Streaming.Boost:1]]
[2018.12.27-22.37.20:687][  0]LogConfig: Setting CVar [[r.MaxAnisotropy:8]]
[2018.12.27-22.37.20:688][  0]LogConfig: Setting CVar [[r.Streaming.LimitPoolSizeToVRAM:0]]
[2018.12.27-22.37.20:688][  0]LogConfig: Setting CVar [[r.Streaming.PoolSize:1000]]
[2018.12.27-22.37.20:688][  0]LogConfig: Setting CVar [[r.Streaming.MaxEffectiveScreenSize:0]]
[2018.12.27-22.37.20:688][  0]LogConfig: Applying CVar settings from Section [EffectsQuality@3] File [C:/Users/Paul/Documents/GitHub/crossyroad/CrossyRoad/Saved/Config/Windows/Scalability.ini]
[2018.12.27-22.37.20:688][  0]LogConfig: Setting CVar [[r.TranslucencyLightingVolumeDim:64]]
[2018.12.27-22.37.20:688][  0]LogConfig: Setting CVar [[r.RefractionQuality:2]]
[2018.12.27-22.37.20:688][  0]LogConfig: Setting CVar [[r.SSR.Quality:3]]
[2018.12.27-22.37.20:688][  0]LogConfig: Setting CVar [[r.SceneColorFormat:4]]
[2018.12.27-22.37.20:688][  0]LogConfig: Setting CVar [[r.DetailMode:2]]
[2018.12.27-22.37.20:688][  0]LogConfig: Setting CVar [[r.TranslucencyVolumeBlur:1]]
[2018.12.27-22.37.20:688][  0]LogConfig: Setting CVar [[r.MaterialQualityLevel:1 ; High quality]]
[2018.12.27-22.37.20:688][  0]LogConfig: Setting CVar [[r.SSS.Scale:1]]
[2018.12.27-22.37.20:688][  0]LogConfig: Setting CVar [[r.SSS.SampleSet:2]]
[2018.12.27-22.37.20:688][  0]LogConfig: Setting CVar [[r.SSS.Quality:1]]
[2018.12.27-22.37.20:688][  0]LogConfig: Setting CVar [[r.SSS.HalfRes:1]]
[2018.12.27-22.37.20:688][  0]LogConfig: Setting CVar [[r.EmitterSpawnRateScale:1.0]]
[2018.12.27-22.37.20:688][  0]LogConfig: Setting CVar [[r.ParticleLightQuality:2]]
[2018.12.27-22.37.20:688][  0]LogConfig: Applying CVar settings from Section [FoliageQuality@3] File [C:/Users/Paul/Documents/GitHub/crossyroad/CrossyRoad/Saved/Config/Windows/Scalability.ini]
[2018.12.27-22.37.20:688][  0]LogConfig: Setting CVar [[foliage.DensityScale:1.0]]
[2018.12.27-22.37.20:688][  0]LogConfig: Setting CVar [[grass.DensityScale:1.0]]
[2018.12.27-22.37.20:688][  0]LogInit: Selected Device Profile: [Windows]
[2018.12.27-22.37.20:688][  0]LogInit: Applying CVar settings loaded from the selected device profile: [Windows]
[2018.12.27-22.37.20:704][  0]LogHAL: Display: Platform has ~ 16 GB [17155579904 / 17179869184 / 16], which maps to Larger [LargestMinGB=32, LargerMinGB=12, DefaultMinGB=8, SmallerMinGB=6, SmallestMinGB=0)
[2018.12.27-22.37.20:704][  0]LogConfig: Setting CVar [[r.Vulkan.UseRealUBs:1]]
[2018.12.27-22.37.20:704][  0]LogInit: Going up to parent DeviceProfile []
[2018.12.27-22.37.20:704][  0]LogConfig: Applying CVar settings from Section [ViewDistanceQuality@3] File [C:/Users/Paul/Documents/GitHub/crossyroad/CrossyRoad/Saved/Config/Windows/Scalability.ini]
[2018.12.27-22.37.20:704][  0]LogConfig: Setting CVar [[r.SkeletalMeshLODBias:0]]
[2018.12.27-22.37.20:704][  0]LogConfig: Setting CVar [[r.ViewDistanceScale:1.0]]
[2018.12.27-22.37.20:704][  0]LogConfig: Applying CVar settings from Section [AntiAliasingQuality@3] File [C:/Users/Paul/Documents/GitHub/crossyroad/CrossyRoad/Saved/Config/Windows/Scalability.ini]
[2018.12.27-22.37.20:704][  0]LogConfig: Setting CVar [[r.PostProcessAAQuality:4]]
[2018.12.27-22.37.20:705][  0]LogConfig: Applying CVar settings from Section [ShadowQuality@3] File [C:/Users/Paul/Documents/GitHub/crossyroad/CrossyRoad/Saved/Config/Windows/Scalability.ini]
[2018.12.27-22.37.20:705][  0]LogConfig: Setting CVar [[r.LightFunctionQuality:1]]
[2018.12.27-22.37.20:705][  0]LogConfig: Setting CVar [[r.ShadowQuality:5]]
[2018.12.27-22.37.20:705][  0]LogConfig: Setting CVar [[r.Shadow.CSM.MaxCascades:10]]
[2018.12.27-22.37.20:705][  0]LogConfig: Setting CVar [[r.Shadow.MaxResolution:2048]]
[2018.12.27-22.37.20:705][  0]LogConfig: Setting CVar [[r.Shadow.MaxCSMResolution:2048]]
[2018.12.27-22.37.20:705][  0]LogConfig: Setting CVar [[r.Shadow.RadiusThreshold:0.01]]
[2018.12.27-22.37.20:705][  0]LogConfig: Setting CVar [[r.Shadow.DistanceScale:1.0]]
[2018.12.27-22.37.20:705][  0]LogConfig: Setting CVar [[r.Shadow.CSM.TransitionScale:1.0]]
[2018.12.27-22.37.20:705][  0]LogConfig: Setting CVar [[r.Shadow.PreShadowResolutionFactor:1.0]]
[2018.12.27-22.37.20:705][  0]LogConfig: Setting CVar [[r.DistanceFieldShadowing:1]]
[2018.12.27-22.37.20:705][  0]LogConfig: Setting CVar [[r.DistanceFieldAO:1]]
[2018.12.27-22.37.20:705][  0]LogConfig: Setting CVar [[r.AOQuality:2]]
[2018.12.27-22.37.20:705][  0]LogConfig: Setting CVar [[r.VolumetricFog:1]]
[2018.12.27-22.37.20:705][  0]LogConfig: Setting CVar [[r.VolumetricFog.GridPixelSize:8]]
[2018.12.27-22.37.20:705][  0]LogConfig: Setting CVar [[r.VolumetricFog.GridSizeZ:128]]
[2018.12.27-22.37.20:705][  0]LogConfig: Setting CVar [[r.VolumetricFog.HistoryMissSupersampleCount:4]]
[2018.12.27-22.37.20:705][  0]LogConfig: Setting CVar [[r.LightMaxDrawDistanceScale:1]]
[2018.12.27-22.37.20:705][  0]LogConfig: Setting CVar [[r.CapsuleShadows:1]]
[2018.12.27-22.37.20:705][  0]LogConfig: Applying CVar settings from Section [PostProcessQuality@3] File [C:/Users/Paul/Documents/GitHub/crossyroad/CrossyRoad/Saved/Config/Windows/Scalability.ini]
[2018.12.27-22.37.20:705][  0]LogConfig: Setting CVar [[r.MotionBlurQuality:4]]
[2018.12.27-22.37.20:705][  0]LogConfig: Setting CVar [[r.AmbientOcclusionMipLevelFactor:0.4]]
[2018.12.27-22.37.20:705][  0]LogConfig: Setting CVar [[r.AmbientOcclusionMaxQuality:100]]
[2018.12.27-22.37.20:705][  0]LogConfig: Setting CVar [[r.AmbientOcclusionLevels:-1]]
[2018.12.27-22.37.20:705][  0]LogConfig: Setting CVar [[r.AmbientOcclusionRadiusScale:1.0]]
[2018.12.27-22.37.20:705][  0]LogConfig: Setting CVar [[r.DepthOfFieldQuality:2]]
[2018.12.27-22.37.20:705][  0]LogConfig: Setting CVar [[r.RenderTargetPoolMin:400]]
[2018.12.27-22.37.20:705][  0]LogConfig: Setting CVar [[r.LensFlareQuality:2]]
[2018.12.27-22.37.20:705][  0]LogConfig: Setting CVar [[r.SceneColorFringeQuality:1]]
[2018.12.27-22.37.20:705][  0]LogConfig: Setting CVar [[r.EyeAdaptationQuality:2]]
[2018.12.27-22.37.20:705][  0]LogConfig: Setting CVar [[r.BloomQuality:5]]
[2018.12.27-22.37.20:705][  0]LogConfig: Setting CVar [[r.FastBlurThreshold:100]]
[2018.12.27-22.37.20:705][  0]LogConfig: Setting CVar [[r.Upscale.Quality:3]]
[2018.12.27-22.37.20:705][  0]LogConfig: Setting CVar [[r.Tonemapper.GrainQuantization:1]]
[2018.12.27-22.37.20:705][  0]LogConfig: Setting CVar [[r.LightShaftQuality:1]]
[2018.12.27-22.37.20:705][  0]LogConfig: Setting CVar [[r.Filter.SizeScale:1]]
[2018.12.27-22.37.20:705][  0]LogConfig: Setting CVar [[r.Tonemapper.Quality:5]]
[2018.12.27-22.37.20:705][  0]LogConfig: Setting CVar [[r.DOF.Gather.AccumulatorQuality:1        ; higher gathering accumulator quality]]
[2018.12.27-22.37.20:705][  0]LogConfig: Setting CVar [[r.DOF.Gather.PostfilterMethod:1          ; Median3x3 postfilering method]]
[2018.12.27-22.37.20:705][  0]LogConfig: Setting CVar [[r.DOF.Gather.EnableBokehSettings:0       ; no bokeh simulation when gathering]]
[2018.12.27-22.37.20:705][  0]LogConfig: Setting CVar [[r.DOF.Gather.RingCount:4                 ; medium number of samples when gathering]]
[2018.12.27-22.37.20:705][  0]LogConfig: Setting CVar [[r.DOF.Scatter.ForegroundCompositing:1    ; additive foreground scattering]]
[2018.12.27-22.37.20:705][  0]LogConfig: Setting CVar [[r.DOF.Scatter.BackgroundCompositing:2    ; additive background scattering]]
[2018.12.27-22.37.20:705][  0]LogConfig: Setting CVar [[r.DOF.Scatter.EnableBokehSettings:1      ; bokeh simulation when scattering]]
[2018.12.27-22.37.20:705][  0]LogConfig: Setting CVar [[r.DOF.Scatter.MaxSpriteRatio:0.1         ; only a maximum of 10% of scattered bokeh]]
[2018.12.27-22.37.20:705][  0]LogConfig: Setting CVar [[r.DOF.Recombine.Quality:1                ; cheap slight out of focus]]
[2018.12.27-22.37.20:705][  0]LogConfig: Setting CVar [[r.DOF.Recombine.EnableBokehSettings:0    ; no bokeh simulation on slight out of focus]]
[2018.12.27-22.37.20:705][  0]LogConfig: Setting CVar [[r.DOF.TemporalAAQuality:1                ; more stable temporal accumulation]]
[2018.12.27-22.37.20:705][  0]LogConfig: Setting CVar [[r.DOF.Kernel.MaxForegroundRadius:0.025]]
[2018.12.27-22.37.20:705][  0]LogConfig: Setting CVar [[r.DOF.Kernel.MaxBackgroundRadius:0.025]]
[2018.12.27-22.37.20:705][  0]LogConfig: Applying CVar settings from Section [TextureQuality@3] File [C:/Users/Paul/Documents/GitHub/crossyroad/CrossyRoad/Saved/Config/Windows/Scalability.ini]
[2018.12.27-22.37.20:705][  0]LogConfig: Setting CVar [[r.Streaming.MipBias:0]]
[2018.12.27-22.37.20:705][  0]LogConfig: Setting CVar [[r.Streaming.AmortizeCPUToGPUCopy:0]]
[2018.12.27-22.37.20:705][  0]LogConfig: Setting CVar [[r.Streaming.MaxNumTexturesToStreamPerFrame:0]]
[2018.12.27-22.37.20:705][  0]LogConfig: Setting CVar [[r.Streaming.Boost:1]]
[2018.12.27-22.37.20:705][  0]LogConfig: Setting CVar [[r.MaxAnisotropy:8]]
[2018.12.27-22.37.20:705][  0]LogConfig: Setting CVar [[r.Streaming.LimitPoolSizeToVRAM:0]]
[2018.12.27-22.37.20:705][  0]LogConfig: Setting CVar [[r.Streaming.PoolSize:1000]]
[2018.12.27-22.37.20:705][  0]LogConfig: Setting CVar [[r.Streaming.MaxEffectiveScreenSize:0]]
[2018.12.27-22.37.20:705][  0]LogConfig: Applying CVar settings from Section [EffectsQuality@3] File [C:/Users/Paul/Documents/GitHub/crossyroad/CrossyRoad/Saved/Config/Windows/Scalability.ini]
[2018.12.27-22.37.20:705][  0]LogConfig: Setting CVar [[r.TranslucencyLightingVolumeDim:64]]
[2018.12.27-22.37.20:705][  0]LogConfig: Setting CVar [[r.RefractionQuality:2]]
[2018.12.27-22.37.20:705][  0]LogConfig: Setting CVar [[r.SSR.Quality:3]]
[2018.12.27-22.37.20:705][  0]LogConfig: Setting CVar [[r.SceneColorFormat:4]]
[2018.12.27-22.37.20:705][  0]LogConfig: Setting CVar [[r.DetailMode:2]]
[2018.12.27-22.37.20:705][  0]LogConfig: Setting CVar [[r.TranslucencyVolumeBlur:1]]
[2018.12.27-22.37.20:705][  0]LogConfig: Setting CVar [[r.MaterialQualityLevel:1 ; High quality]]
[2018.12.27-22.37.20:706][  0]LogConfig: Setting CVar [[r.SSS.Scale:1]]
[2018.12.27-22.37.20:706][  0]LogConfig: Setting CVar [[r.SSS.SampleSet:2]]
[2018.12.27-22.37.20:706][  0]LogConfig: Setting CVar [[r.SSS.Quality:1]]
[2018.12.27-22.37.20:706][  0]LogConfig: Setting CVar [[r.SSS.HalfRes:1]]
[2018.12.27-22.37.20:706][  0]LogConfig: Setting CVar [[r.EmitterSpawnRateScale:1.0]]
[2018.12.27-22.37.20:706][  0]LogConfig: Setting CVar [[r.ParticleLightQuality:2]]
[2018.12.27-22.37.20:706][  0]LogConfig: Applying CVar settings from Section [FoliageQuality@3] File [C:/Users/Paul/Documents/GitHub/crossyroad/CrossyRoad/Saved/Config/Windows/Scalability.ini]
[2018.12.27-22.37.20:706][  0]LogConfig: Setting CVar [[foliage.DensityScale:1.0]]
[2018.12.27-22.37.20:706][  0]LogConfig: Setting CVar [[grass.DensityScale:1.0]]
[2018.12.27-22.37.20:706][  0]LogConfig: Applying CVar settings from Section [Startup] File [../../../Engine/Config/ConsoleVariables.ini]
[2018.12.27-22.37.20:706][  0]LogConfig: Setting CVar [[net.UseAdaptiveNetUpdateFrequency:0]]
[2018.12.27-22.37.20:706][  0]LogConfig: Applying CVar settings from Section [ConsoleVariables] File [C:/Users/Paul/Documents/GitHub/crossyroad/CrossyRoad/Saved/Config/Windows/Engine.ini]
[2018.12.27-22.37.20:706][  0]LogInit: Computer: PAUL-PC
[2018.12.27-22.37.20:706][  0]LogInit: User: Paul
[2018.12.27-22.37.20:706][  0]LogInit: CPU Page size=4096, Cores=4
[2018.12.27-22.37.20:706][  0]LogInit: High frequency timer resolution =3.233219 MHz
[2018.12.27-22.37.20:706][  0]LogMemory: Memory total: Physical=16.0GB (16GB approx)
[2018.12.27-22.37.20:706][  0]LogMemory: Platform Memory Stats for Windows
[2018.12.27-22.37.20:706][  0]LogMemory: Process Physical Memory: 99.74 MB used, 99.74 MB peak
[2018.12.27-22.37.20:707][  0]LogMemory: Process Virtual Memory: 84.25 MB used, 84.25 MB peak
[2018.12.27-22.37.20:707][  0]LogMemory: Physical Memory: 4959.94 MB used,  11400.90 MB free, 16360.84 MB total
[2018.12.27-22.37.20:707][  0]LogMemory: Virtual Memory: 475.98 MB used,  134217248.00 MB free, 134217728.00 MB total
[2018.12.27-22.37.20:722][  0]LogInit: Using OS detected language (en-US).
[2018.12.27-22.37.20:722][  0]LogInit: Using OS detected locale (en-US).
[2018.12.27-22.37.20:723][  0]LogTextLocalizationManager: No specific localization for 'en-US' exists, so the 'en' localization will be used.
[2018.12.27-22.37.21:243][  0]LogStreaming: Display: Took  0.521s to InitEngineTextLocalization.
[2018.12.27-22.37.21:243][  0]LogInit: Setting process to per monitor DPI aware
[2018.12.27-22.37.21:269][  0]LogSlate: New Slate User Created.  User Index 0, Is Virtual User: 0
[2018.12.27-22.37.21:269][  0]LogSlate: Slate User Registered.  User Index 0, Is Virtual User: 0
[2018.12.27-22.37.21:577][  0]LogHMD: Failed to initialize OpenVR with code 117
[2018.12.27-22.37.21:577][  0]LogD3D11RHI: D3D11 adapters:
[2018.12.27-22.37.21:622][  0]LogD3D11RHI:    0. 'NVIDIA GeForce GTX 660' (Feature Level 11_0)
[2018.12.27-22.37.21:622][  0]LogD3D11RHI:       1970/0/8180 MB DedicatedVideo/DedicatedSystem/SharedSystem, Outputs:2, VendorId:0x10de
[2018.12.27-22.37.21:624][  0]LogD3D11RHI:    1. 'Microsoft Basic Render Driver' (Feature Level 11_0)
[2018.12.27-22.37.21:624][  0]LogD3D11RHI:       0/0/256 MB DedicatedVideo/DedicatedSystem/SharedSystem, Outputs:0, VendorId:0x1414
[2018.12.27-22.37.21:624][  0]LogD3D11RHI: Chosen D3D11 Adapter: 0
[2018.12.27-22.37.21:629][  0]LogD3D11RHI: Creating new Direct3DDevice
[2018.12.27-22.37.21:629][  0]LogD3D11RHI:     GPU DeviceId: 0x11c0 (for the marketing name, search the web for "GPU Device Id")
[2018.12.27-22.37.21:629][  0]LogWindows: EnumDisplayDevices:
[2018.12.27-22.37.21:629][  0]LogWindows:    0. 'NVIDIA GeForce GTX 660' (P:1 D:1)
[2018.12.27-22.37.21:630][  0]LogWindows:    1. 'NVIDIA GeForce GTX 660' (P:0 D:1)
[2018.12.27-22.37.21:630][  0]LogWindows:    2. 'NVIDIA GeForce GTX 660' (P:0 D:0)
[2018.12.27-22.37.21:630][  0]LogWindows:    3. 'NVIDIA GeForce GTX 660' (P:0 D:0)
[2018.12.27-22.37.21:630][  0]LogWindows: DebugString: FoundDriverCount:4 
[2018.12.27-22.37.21:630][  0]LogD3D11RHI:     Adapter Name: NVIDIA GeForce GTX 660
[2018.12.27-22.37.21:630][  0]LogD3D11RHI:   Driver Version: 417.35 (internal:25.21.14.1735, unified:417.35)
[2018.12.27-22.37.21:630][  0]LogD3D11RHI:      Driver Date: 12-11-2018
[2018.12.27-22.37.21:630][  0]LogRHI: Texture pool is 1379 MB (70% of 1970 MB)
[2018.12.27-22.37.21:659][  0]LogD3D11RHI: Async texture creation enabled
[2018.12.27-22.37.21:686][  0]LogD3D11RHI: GPU Timing Frequency: 1000.000000 (Debug: 2 2)
[2018.12.27-22.37.22:164][  0]LogTemp: Display: Loaded TP AllDesktopTargetPlatform
[2018.12.27-22.37.22:184][  0]LogTemp: Display: Loaded TP MacClientTargetPlatform
[2018.12.27-22.37.22:204][  0]LogTemp: Display: Loaded TP MacNoEditorTargetPlatform
[2018.12.27-22.37.22:224][  0]LogTemp: Display: Loaded TP MacServerTargetPlatform
[2018.12.27-22.37.22:244][  0]LogTemp: Display: Loaded TP MacTargetPlatform
[2018.12.27-22.37.22:264][  0]LogTemp: Display: Loaded TP WindowsClientTargetPlatform
[2018.12.27-22.37.22:284][  0]LogTemp: Display: Loaded TP WindowsNoEditorTargetPlatform
[2018.12.27-22.37.22:303][  0]LogTemp: Display: Loaded TP WindowsServerTargetPlatform
[2018.12.27-22.37.22:311][  0]LogTemp: Display: Loaded TP WindowsTargetPlatform
[2018.12.27-22.37.22:438][  0]LogTemp: Display: Loaded TP AndroidTargetPlatform
[2018.12.27-22.37.22:438][  0]LogTemp: Display: Loaded TP AndroidTargetPlatform
[2018.12.27-22.37.22:439][  0]LogTemp: Display: Loaded TP AndroidTargetPlatform
[2018.12.27-22.37.22:439][  0]LogTemp: Display: Loaded TP AndroidTargetPlatform
[2018.12.27-22.37.22:439][  0]LogTemp: Display: Loaded TP AndroidTargetPlatform
[2018.12.27-22.37.22:439][  0]LogTemp: Display: Loaded TP AndroidTargetPlatform
[2018.12.27-22.37.22:439][  0]LogTemp: Display: Loaded TP AndroidTargetPlatform
[2018.12.27-22.37.22:439][  0]LogTemp: Display: Loaded TP AndroidTargetPlatform
[2018.12.27-22.37.22:439][  0]LogTemp: Display: Loaded TP AndroidTargetPlatform
[2018.12.27-22.37.22:439][  0]LogTemp: Display: Loaded TP AndroidTargetPlatform
[2018.12.27-22.37.22:439][  0]LogTemp: Display: Loaded TP AndroidTargetPlatform
[2018.12.27-22.37.22:439][  0]LogTemp: Display: Loaded TP AndroidTargetPlatform
[2018.12.27-22.37.22:439][  0]LogTemp: Display: Loaded TP AndroidTargetPlatform
[2018.12.27-22.37.22:439][  0]LogTemp: Display: Loaded TP AndroidTargetPlatform
[2018.12.27-22.37.22:439][  0]LogTemp: Display: Loaded TP AndroidTargetPlatform
[2018.12.27-22.37.22:439][  0]LogTemp: Display: Loaded TP AndroidTargetPlatform
[2018.12.27-22.37.22:439][  0]LogTemp: Display: Loaded TP AndroidTargetPlatform
[2018.12.27-22.37.22:439][  0]LogTemp: Display: Loaded TP AndroidTargetPlatform
[2018.12.27-22.37.22:440][  0]LogTemp: Display: Loaded TP HTML5TargetPlatform
[2018.12.27-22.37.22:516][  0]LogTemp: Display: Loaded TP IOSTargetPlatform
[2018.12.27-22.37.22:516][  0]LogTemp: Display: Loaded TP IOSTargetPlatform
[2018.12.27-22.37.22:551][  0]LogTemp: Display: Loaded TP TVOSTargetPlatform
[2018.12.27-22.37.22:551][  0]LogTemp: Display: Loaded TP TVOSTargetPlatform
[2018.12.27-22.37.22:570][  0]LogTemp: Display: Loaded TP LinuxClientTargetPlatform
[2018.12.27-22.37.22:589][  0]LogTemp: Display: Loaded TP LinuxNoEditorTargetPlatform
[2018.12.27-22.37.22:612][  0]LogTemp: Display: Loaded TP LinuxServerTargetPlatform
[2018.12.27-22.37.22:638][  0]LogTemp: Display: Loaded TP LinuxTargetPlatform
[2018.12.27-22.37.22:723][  0]LogTemp: Display: Loaded TP LuminTargetPlatform
[2018.12.27-22.37.22:723][  0]LogTemp: Display: Loaded TP LuminTargetPlatform
[2018.12.27-22.37.22:723][  0]LogTargetPlatformManager: Display: Building Assets For Windows
[2018.12.27-22.37.22:789][  0]LogShaderCompilers: Guid format shader working directory is -22 characters bigger than the processId version (../../../../../../Users/Paul/Documents/GitHub/crossyroad/CrossyRoad/Intermediate/Shaders/WorkingDirectory/6540/).
[2018.12.27-22.37.22:789][  0]LogShaderCompilers: Cleaned the shader compiler working directory 'C:/Users/Paul/AppData/Local/Temp/UnrealShaderWorkingDir/CC2CE32846E8EEBBF50C21803E4F8027/'.
[2018.12.27-22.37.22:791][  0]LogXGEController: Cannot use XGE Controller as Incredibuild is not installed on this machine.
[2018.12.27-22.37.22:791][  0]LogShaderCompilers: Cannot use XGE Shader Compiler as Incredibuild is not installed on this machine.
[2018.12.27-22.37.22:791][  0]LogShaderCompilers: Display: Using Local Shader Compiler.
[2018.12.27-22.37.23:846][  0]LogDerivedDataCache: Display: Max Cache Size: 512 MB
[2018.12.27-22.37.23:925][  0]LogDerivedDataCache: Loaded boot cache 0.08s 71MB C:/Users/Paul/AppData/Local/UnrealEngine/4.21/DerivedDataCache/Boot.ddc.
[2018.12.27-22.37.23:925][  0]LogDerivedDataCache: Display: Loaded Boot cache: C:/Users/Paul/AppData/Local/UnrealEngine/4.21/DerivedDataCache/Boot.ddc
[2018.12.27-22.37.23:925][  0]LogDerivedDataCache: FDerivedDataBackendGraph:  Pak pak cache file ../../../../../../Users/Paul/Documents/GitHub/crossyroad/CrossyRoad/DerivedDataCache/DDC.ddp not found, will not use a pak cache.
[2018.12.27-22.37.23:925][  0]LogDerivedDataCache: Unable to find inner node Pak for hierarchical cache Hierarchy.
[2018.12.27-22.37.23:925][  0]LogDerivedDataCache: FDerivedDataBackendGraph:  CompressedPak pak cache file ../../../../../../Users/Paul/Documents/GitHub/crossyroad/CrossyRoad/DerivedDataCache/Compressed.ddp not found, will not use a pak cache.
[2018.12.27-22.37.23:925][  0]LogDerivedDataCache: Unable to find inner node CompressedPak for hierarchical cache Hierarchy.
[2018.12.27-22.37.23:951][  0]LogDerivedDataCache: Display: Pak cache opened for reading ../../../Engine/DerivedDataCache/Compressed.ddp.
[2018.12.27-22.37.23:951][  0]LogDerivedDataCache: FDerivedDataBackendGraph:  EnterprisePak pak cache file ../../../Enterprise/DerivedDataCache/Compressed.ddp not found, will not use a pak cache.
[2018.12.27-22.37.23:951][  0]LogDerivedDataCache: Unable to find inner node EnterprisePak for hierarchical cache Hierarchy.
[2018.12.27-22.37.23:963][  0]LogDerivedDataCache: Using Local data cache path C:/Users/Paul/AppData/Local/UnrealEngine/Common/DerivedDataCache: Writable
[2018.12.27-22.37.23:963][  0]LogDerivedDataCache: Shared data cache path not found in *engine.ini, will not use an Shared cache.
[2018.12.27-22.37.23:963][  0]LogDerivedDataCache: Unable to find inner node Shared for hierarchical cache Hierarchy.
[2018.12.27-22.37.24:005][  0]LogMaterial: Verifying Global Shaders for PCD3D_SM5
[2018.12.27-22.37.24:007][  0]LogSlate: Using FreeType 2.6.0
[2018.12.27-22.37.24:008][  0]LogSlate: SlateFontServices - WITH_FREETYPE: 1, WITH_HARFBUZZ: 1
[2018.12.27-22.37.24:138][  0]LogAssetRegistry: FAssetRegistry took 0.0448 seconds to start up
[2018.12.27-22.37.24:785][  0]LogInit: Selected Device Profile: [Windows]
[2018.12.27-22.37.25:052][  0]LogSimplygon: Simplygon DLL not present - disabling.
[2018.12.27-22.37.25:055][  0]LogMeshReduction: Using SimplygonSwarm for distributed automatic mesh merging
[2018.12.27-22.37.25:055][  0]LogMeshReduction: Using ProxyLODMeshReduction for automatic mesh merging
[2018.12.27-22.37.25:056][  0]LogMeshReduction: Using QuadricMeshReduction for automatic static mesh reduction
[2018.12.27-22.37.25:056][  0]LogMeshReduction: No automatic skeletal mesh reduction module available
[2018.12.27-22.37.25:074][  0]LogNetVersion: CrossyRoad 1.0.0, NetCL: 4541578, EngineNetVer: 5, GameNetVer: 0 (Checksum: 1360775825)
[2018.12.27-22.37.25:843][  0]LogPackageLocalizationCache: Processed 11 localized package path(s) for 2 prioritized culture(s) in 0.109156 seconds
[2018.12.27-22.37.25:853][  0]LogUObjectArray: 39775 objects as part of root set at end of initial load.
[2018.12.27-22.37.25:853][  0]LogUObjectAllocator: 6914664 out of 0 bytes used by permanent object pool.
[2018.12.27-22.37.25:854][  0]LogUObjectArray: CloseDisregardForGC: 0/0 objects in disregard for GC pool
[2018.12.27-22.37.27:069][  0]LogTcpMessaging: Initializing TcpMessaging bridge
[2018.12.27-22.37.27:083][  0]LogUdpMessaging: Initializing bridge on interface 0.0.0.0:0 to multicast group 230.0.0.1:6666.
[2018.12.27-22.37.28:108][  0]SourceControl: Source control is disabled
[2018.12.27-22.37.28:108][  0]SourceControl: Source control is disabled
[2018.12.27-22.37.28:109][  0]SourceControl: Source control is disabled
[2018.12.27-22.37.28:110][  0]SourceControl: Source control is disabled
[2018.12.27-22.37.28:274][  0]LogAndroidPermission: UAndroidPermissionCallbackProxy::GetInstance
[2018.12.27-22.37.28:343][  0]LogOcInput: OculusInput pre-init called
[2018.12.27-22.37.28:494][  0]LogEngine: Initializing Engine...
[2018.12.27-22.37.28:523][  0]LogHMD: Failed to initialize OpenVR with code 108
[2018.12.27-22.37.28:525][  0]LogStats: UGameplayTagsManager::ConstructGameplayTagTree: ImportINI prefixes -  0.000 s
[2018.12.27-22.37.28:525][  0]LogStats: UGameplayTagsManager::ConstructGameplayTagTree: Construct from data asset -  0.000 s
[2018.12.27-22.37.28:525][  0]LogStats: UGameplayTagsManager::ConstructGameplayTagTree: ImportINI -  0.000 s
[2018.12.27-22.37.28:525][  0]LogStats: UGameplayTagsManager::ConstructGameplayTagTree: GameplayTagTreeChangedEvent.Broadcast -  0.000 s
[2018.12.27-22.37.28:883][  0]LogInit: Initializing FReadOnlyCVARCache
[2018.12.27-22.37.28:897][  0]LogAIModule: Creating AISystem for world Untitled
[2018.12.27-22.37.28:917][  0]LogInit: XAudio2 using 'Headset Earphone (Corsair VOID RGB USB Gaming Headset)' : 6 channels at 48 kHz using 16 bits per sample (channel mask 0x3f)
[2018.12.27-22.37.28:925][  0]LogInit: FAudioDevice initialized.
[2018.12.27-22.37.28:925][  0]LogNetVersion: Set ProjectVersion to 1.0.0.0. Version Checksum will be recalculated on next use.
[2018.12.27-22.37.29:036][  0]LogDerivedDataCache: Saved boot cache 0.11s 71MB C:/Users/Paul/AppData/Local/UnrealEngine/4.21/DerivedDataCache/Boot.ddc.
[2018.12.27-22.37.29:044][  0]LogInit: Texture streaming: Enabled
[2018.12.27-22.37.29:068][  0]LogEngineSessionManager: EngineSessionManager initialized
[2018.12.27-22.37.29:081][  0]LogInit: Transaction tracking system initialized
[2018.12.27-22.37.29:110][  0]BlueprintLog: New page: Editor Load
[2018.12.27-22.37.29:190][  0]LocalizationService: Localization service is disabled
[2018.12.27-22.37.29:855][  0]LogFileCache: Scanning file cache for directory 'C:/Users/Paul/Documents/GitHub/crossyroad/CrossyRoad/Content/' took 0.02s
[2018.12.27-22.37.29:855][  0]LogCook: Display: Max memory allowance for cook 16384mb min free memory 0mb
[2018.12.27-22.37.29:855][  0]LogCook: Display: Mobile HDR setting 1
[2018.12.27-22.37.29:855][  0]LogGameplayTags: Display: UGameplayTagsManager::DoneAddingNativeTags. DelegateIsBound: 0
[2018.12.27-22.37.29:855][  0]LogStats: UGameplayTagsManager::ConstructGameplayTagTree: ImportINI prefixes -  0.000 s
[2018.12.27-22.37.29:855][  0]LogStats: UGameplayTagsManager::ConstructGameplayTagTree: Construct from data asset -  0.000 s
[2018.12.27-22.37.29:855][  0]LogStats: UGameplayTagsManager::ConstructGameplayTagTree: ImportINI -  0.000 s
[2018.12.27-22.37.29:855][  0]LogStats: UGameplayTagsManager::ConstructGameplayTagTree: GameplayTagTreeChangedEvent.Broadcast -  0.000 s
[2018.12.27-22.37.30:011][  0]SourceControl: Source control is disabled
[2018.12.27-22.37.30:012][  0]Cmd: MAP LOAD FILE="../../../../../../Users/Paul/Documents/GitHub/crossyroad/CrossyRoad/Content/StarterContent/Maps/Minimal_Default.umap" TEMPLATE=0 SHOWPROGRESS=1 FEATURELEVEL=3
[2018.12.27-22.37.30:012][  0]LightingResults: New page: Lighting Build
[2018.12.27-22.37.30:015][  0]MapCheck: New page: Map Check
[2018.12.27-22.37.30:015][  0]LightingResults: New page: Lighting Build
[2018.12.27-22.37.30:731][  0]LogAIModule: Creating AISystem for world Minimal_Default
[2018.12.27-22.37.30:738][  0]LogEditorServer: Finished looking for orphan Actors (0.000 secs)
[2018.12.27-22.37.30:778][  0]Cmd: MAP CHECKDEP NOCLEARLOG
[2018.12.27-22.37.30:778][  0]MapCheck: Map check complete: 0 Error(s), 0 Warning(s), took 0.143ms to complete.
[2018.12.27-22.37.30:778][  0]LogFileHelpers: Loading map 'Minimal_Default' took 0.767
[2018.12.27-22.37.30:884][  0]LogSlate: Updating window title bar state: overlay mode, drag disabled, window buttons hidden, title bar hidden
[2018.12.27-22.37.30:897][  0]LogSlate: Updating window title bar state: overlay mode, drag disabled, window buttons hidden, title bar hidden
[2018.12.27-22.37.30:909][  0]LogSlate: Updating window title bar state: overlay mode, drag disabled, window buttons hidden, title bar hidden
[2018.12.27-22.37.30:922][  0]LogSlate: Updating window title bar state: overlay mode, drag disabled, window buttons hidden, title bar hidden
[2018.12.27-22.37.30:931][  0]LogCollectionManager: Loaded 0 collections in 0.001633 seconds
[2018.12.27-22.37.30:973][  0]LogFileCache: Scanning file cache for directory 'C:/Users/Paul/Documents/GitHub/crossyroad/CrossyRoad/Saved/Collections/' took 0.01s
[2018.12.27-22.37.30:973][  0]LogFileCache: Scanning file cache for directory 'C:/Users/Paul/Documents/GitHub/crossyroad/CrossyRoad/Content/Developers/Paul/Collections/' took 0.01s
[2018.12.27-22.37.30:973][  0]LogFileCache: Scanning file cache for directory 'C:/Users/Paul/Documents/GitHub/crossyroad/CrossyRoad/Content/Collections/' took 0.01s
[2018.12.27-22.37.30:973][  0]LogCollectionManager: Rebuilt the GUID cache for 0 collections in 0.000000 seconds
[2018.12.27-22.37.30:987][  0]LogContentBrowser: Native class hierarchy populated in 0.0137 seconds. Added 2651 classes and 620 folders.
[2018.12.27-22.37.30:994][  0]LogContentBrowser: Native class hierarchy updated for 'WidgetCarousel' in 0.0003 seconds. Added 0 classes and 0 folders.
[2018.12.27-22.37.31:001][  0]LogPakFile: Registered encryption key '00000000000000000000000000000000': 0 pak files mounted, 0 remain pending
[2018.12.27-22.37.31:006][  0]LogPakFile: Registered encryption key '00000000000000000000000000000000': 0 pak files mounted, 0 remain pending
[2018.12.27-22.37.31:039][  0]LogPakFile: Registered encryption key '00000000000000000000000000000000': 0 pak files mounted, 0 remain pending
[2018.12.27-22.37.31:045][  0]LogPakFile: Registered encryption key '00000000000000000000000000000000': 0 pak files mounted, 0 remain pending
[2018.12.27-22.37.31:050][  0]LogPakFile: Registered encryption key '00000000000000000000000000000000': 0 pak files mounted, 0 remain pending
[2018.12.27-22.37.31:055][  0]LogPakFile: Registered encryption key '00000000000000000000000000000000': 0 pak files mounted, 0 remain pending
[2018.12.27-22.37.31:059][  0]LogPakFile: Registered encryption key '00000000000000000000000000000000': 0 pak files mounted, 0 remain pending
[2018.12.27-22.37.31:064][  0]LogPakFile: Registered encryption key '00000000000000000000000000000000': 0 pak files mounted, 0 remain pending
[2018.12.27-22.37.31:071][  0]LogPakFile: Registered encryption key '00000000000000000000000000000000': 0 pak files mounted, 0 remain pending
[2018.12.27-22.37.31:077][  0]LogPakFile: Registered encryption key '00000000000000000000000000000000': 0 pak files mounted, 0 remain pending
[2018.12.27-22.37.31:082][  0]LogPakFile: Registered encryption key '00000000000000000000000000000000': 0 pak files mounted, 0 remain pending
[2018.12.27-22.37.31:087][  0]LogPakFile: Registered encryption key '00000000000000000000000000000000': 0 pak files mounted, 0 remain pending
[2018.12.27-22.37.31:092][  0]LogPakFile: Registered encryption key '00000000000000000000000000000000': 0 pak files mounted, 0 remain pending
[2018.12.27-22.37.31:098][  0]LogPakFile: Registered encryption key '00000000000000000000000000000000': 0 pak files mounted, 0 remain pending
[2018.12.27-22.37.31:102][  0]LogPakFile: Registered encryption key '00000000000000000000000000000000': 0 pak files mounted, 0 remain pending
[2018.12.27-22.37.31:106][  0]LogPakFile: Registered encryption key '00000000000000000000000000000000': 0 pak files mounted, 0 remain pending
[2018.12.27-22.37.31:157][  0]LogPakFile: Registered encryption key '00000000000000000000000000000000': 0 pak files mounted, 0 remain pending
[2018.12.27-22.37.31:161][  0]LogPakFile: Registered encryption key '00000000000000000000000000000000': 0 pak files mounted, 0 remain pending
[2018.12.27-22.37.31:166][  0]LogPakFile: Registered encryption key '00000000000000000000000000000000': 0 pak files mounted, 0 remain pending
[2018.12.27-22.37.31:170][  0]LogPakFile: Registered encryption key '00000000000000000000000000000000': 0 pak files mounted, 0 remain pending
[2018.12.27-22.37.31:242][  0]LogPakFile: Registered encryption key '00000000000000000000000000000000': 0 pak files mounted, 0 remain pending
[2018.12.27-22.37.31:247][  0]LogPakFile: Registered encryption key '00000000000000000000000000000000': 0 pak files mounted, 0 remain pending
[2018.12.27-22.37.31:252][  0]LogPakFile: Registered encryption key '00000000000000000000000000000000': 0 pak files mounted, 0 remain pending
[2018.12.27-22.37.31:258][  0]LogPakFile: Registered encryption key '00000000000000000000000000000000': 0 pak files mounted, 0 remain pending
[2018.12.27-22.37.31:263][  0]LogPakFile: Registered encryption key '00000000000000000000000000000000': 0 pak files mounted, 0 remain pending
[2018.12.27-22.37.31:267][  0]LogPakFile: Registered encryption key '00000000000000000000000000000000': 0 pak files mounted, 0 remain pending
[2018.12.27-22.37.31:449][  0]LogContentBrowser: Native class hierarchy updated for 'AddContentDialog' in 0.0004 seconds. Added 0 classes and 0 folders.
[2018.12.27-22.37.31:470][  0]LogContentBrowser: Native class hierarchy updated for 'SceneOutliner' in 0.0004 seconds. Added 1 classes and 2 folders.
[2018.12.27-22.37.31:575][  0]LogSlate: Took 0.000160 seconds to synchronously load lazily loaded font '../../../Engine/Content/Slate/Fonts/Roboto-Regular.ttf' (155K)
[2018.12.27-22.37.31:579][  0]LogSlate: Took 0.000267 seconds to synchronously load lazily loaded font '../../../Engine/Content/Slate/Fonts/Roboto-Bold.ttf' (160K)
[2018.12.27-22.37.31:592][  0]LogSlate: Took 0.004394 seconds to synchronously load lazily loaded font '../../../Engine/Content/Editor/Slate/Fonts/FontAwesome.ttf' (139K)
[2018.12.27-22.37.31:766][  0]LogRenderer: Reallocating scene render targets to support 1208x576 Format 10 NumSamples 1 (Frame:1).
[2018.12.27-22.37.31:842][  0]LogSlate: Took 0.004328 seconds to synchronously load lazily loaded font '../../../Engine/Content/Slate/Fonts/Roboto-Light.ttf' (167K)
[2018.12.27-22.37.31:970][  0]LogContentBrowser: Native class hierarchy updated for 'HierarchicalLODOutliner' in 0.0004 seconds. Added 0 classes and 0 folders.
[2018.12.27-22.37.31:970][  0]LogLoad: (Engine Initialization) Total time: 12.73 seconds
[2018.12.27-22.37.31:970][  0]LogLoad: (Engine Initialization) Total Blueprint compile time: 0.00 seconds
[2018.12.27-22.37.32:078][  0]LogContentStreaming: Texture pool size now 1000 MB
[2018.12.27-22.37.32:366][  3]LogAssetRegistry: Asset discovery search completed in 8.2510 seconds
[2018.12.27-22.37.32:369][  3]LogCollectionManager: Rebuilt the object cache for 0 collections in 0.000001 seconds (found 0 objects)
[2018.12.27-22.37.32:369][  3]LogCollectionManager: Fixed up redirectors for 0 collections in 0.000067 seconds (updated 0 objects)
[2018.12.27-22.37.33:348][  6]LogSlate: Took 0.002390 seconds to synchronously load lazily loaded font '../../../Engine/Content/Slate/Fonts/Roboto-Light.ttf' (167K)
[2018.12.27-22.37.34:004][  8]LogSlate: FSceneViewport::OnFocusLost() reason 0
[2018.12.27-22.37.34:088][ 18]LogTemp: Repeating last play command: Selected Viewport
[2018.12.27-22.37.34:104][ 18]LogBlueprintUserMessages: Early PlayInEditor Detection: Level '/Game/StarterContent/Maps/Minimal_Default.Minimal_Default:PersistentLevel' has LevelScriptBlueprint '/Game/StarterContent/Maps/Minimal_Default.Minimal_Default:PersistentLevel.Minimal_Default' with GeneratedClass '/Game/StarterContent/Maps/Minimal_Default.Minimal_Default_C' with ClassGeneratedBy '/Game/StarterContent/Maps/Minimal_Default.Minimal_Default:PersistentLevel.Minimal_Default'
[2018.12.27-22.37.34:104][ 18]LogPlayLevel: PlayLevel: No blueprints needed recompiling
[2018.12.27-22.37.34:106][ 18]PIE: New page: PIE session: Minimal_Default (Dec 27, 2018, 6:37:34 AM)
[2018.12.27-22.37.34:118][ 18]LogPlayLevel: Creating play world package: /Game/StarterContent/Maps/UEDPIE_0_Minimal_Default
[2018.12.27-22.37.34:121][ 18]LogPlayLevel: PIE: StaticDuplicateObject took: (0.003008s)
[2018.12.27-22.37.34:122][ 18]LogAIModule: Creating AISystem for world Minimal_Default
[2018.12.27-22.37.34:122][ 18]LogPlayLevel: PIE: World Init took: (0.000801s)
[2018.12.27-22.37.34:122][ 18]LogPlayLevel: PIE: Created PIE world by copying editor world from /Game/StarterContent/Maps/Minimal_Default.Minimal_Default to /Game/StarterContent/Maps/UEDPIE_0_Minimal_Default.Minimal_Default (0.004090s)
[2018.12.27-22.37.34:160][ 18]LogInit: XAudio2 using 'Headset Earphone (Corsair VOID RGB USB Gaming Headset)' : 6 channels at 48 kHz using 16 bits per sample (channel mask 0x3f)
[2018.12.27-22.37.34:166][ 18]LogInit: FAudioDevice initialized.
[2018.12.27-22.37.34:215][ 18]LogLoad: Game class is 'GM_Base_C'
[2018.12.27-22.37.34:218][ 18]LogWorld: Bringing World /Game/StarterContent/Maps/UEDPIE_0_Minimal_Default.Minimal_Default up for play (max tick rate 0) at 2018.12.27-14.37.34
[2018.12.27-22.37.34:218][ 18]LogWorld: Bringing up level for play took: 0.000886
[2018.12.27-22.37.34:236][ 18]LogContentBrowser: Native class hierarchy updated for 'MovieSceneCapture' in 0.0005 seconds. Added 20 classes and 0 folders.
[2018.12.27-22.37.34:241][ 18]PIE: Play in editor start time for /Game/StarterContent/Maps/UEDPIE_0_Minimal_Default -0.127
[2018.12.27-22.37.34:241][ 18]LogBlueprintUserMessages: Late PlayInEditor Detection: Level '/Game/StarterContent/Maps/Minimal_Default.Minimal_Default:PersistentLevel' has LevelScriptBlueprint '/Game/StarterContent/Maps/Minimal_Default.Minimal_Default:PersistentLevel.Minimal_Default' with GeneratedClass '/Game/StarterContent/Maps/Minimal_Default.Minimal_Default_C' with ClassGeneratedBy '/Game/StarterContent/Maps/Minimal_Default.Minimal_Default:PersistentLevel.Minimal_Default'
[2018.12.27-22.37.49:822][795]LogBlueprintUserMessages: Early EndPlayMap Detection: Level '/Game/StarterContent/Maps/Minimal_Default.Minimal_Default:PersistentLevel' has LevelScriptBlueprint '/Game/StarterContent/Maps/Minimal_Default.Minimal_Default:PersistentLevel.Minimal_Default' with GeneratedClass '/Game/StarterContent/Maps/Minimal_Default.Minimal_Default_C' with ClassGeneratedBy '/Game/StarterContent/Maps/Minimal_Default.Minimal_Default:PersistentLevel.Minimal_Default'
[2018.12.27-22.37.49:823][795]LogSlate: Updating window title bar state: overlay mode, drag disabled, window buttons hidden, title bar hidden
[2018.12.27-22.37.49:855][795]LogPlayLevel: Display: Shutting down PIE online subsystems
[2018.12.27-22.37.49:856][795]LogBlueprintUserMessages: Late EndPlayMap Detection: Level '/Game/StarterContent/Maps/Minimal_Default.Minimal_Default:PersistentLevel' has LevelScriptBlueprint '/Game/StarterContent/Maps/Minimal_Default.Minimal_Default:PersistentLevel.Minimal_Default' with GeneratedClass '/Game/StarterContent/Maps/Minimal_Default.Minimal_Default_C' with ClassGeneratedBy '/Game/StarterContent/Maps/Minimal_Default.Minimal_Default:PersistentLevel.Minimal_Default'
[2018.12.27-22.37.49:886][795]LogSlate: Updating window title bar state: overlay mode, drag disabled, window buttons hidden, title bar hidden
[2018.12.27-22.37.49:925][797]LogPlayLevel: Display: Destroying online subsystem :Context_7
[2018.12.27-22.37.53:524][143]LogSlate: FSceneViewport::OnFocusLost() reason 0
[2018.12.27-22.37.59:220][576]LogSlate: FSceneViewport::OnFocusLost() reason 0
[2018.12.27-22.37.59:360][585]LogAssetEditorManager: Opening Asset editor for Blueprint /Game/RED_CAR.RED_CAR
[2018.12.27-22.38.00:305][585]LogContentBrowser: Native class hierarchy updated for 'BlueprintGraph' in 0.0009 seconds. Added 117 classes and 0 folders.
[2018.12.27-22.38.01:930][585]LogSlate: Took 0.003915 seconds to synchronously load lazily loaded font '../../../Engine/Content/Slate/Fonts/Roboto-BoldCondensed.ttf' (158K)
[2018.12.27-22.38.12:738][404]LogSlate: FSceneViewport::OnFocusLost() reason 0
[2018.12.27-22.38.21:543][ 47]LogSlate: Took 0.003172 seconds to synchronously load lazily loaded font '../../../Engine/Content/Slate/Fonts/Roboto-Italic.ttf' (157K)
[2018.12.27-22.38.26:883][353]BlueprintLog: New page: Compile RED_CAR
[2018.12.27-22.38.29:213][509]LogTemp: Repeating last play command: Selected Viewport
[2018.12.27-22.38.29:239][509]LogBlueprintUserMessages: Early PlayInEditor Detection: Level '/Game/StarterContent/Maps/Minimal_Default.Minimal_Default:PersistentLevel' has LevelScriptBlueprint '/Game/StarterContent/Maps/Minimal_Default.Minimal_Default:PersistentLevel.Minimal_Default' with GeneratedClass '/Game/StarterContent/Maps/Minimal_Default.Minimal_Default_C' with ClassGeneratedBy '/Game/StarterContent/Maps/Minimal_Default.Minimal_Default:PersistentLevel.Minimal_Default'
[2018.12.27-22.38.29:239][509]LogPlayLevel: PlayLevel: No blueprints needed recompiling
[2018.12.27-22.38.29:240][509]PIE: New page: PIE session: Minimal_Default (Dec 27, 2018, 6:38:29 AM)
[2018.12.27-22.38.29:240][509]LogPlayLevel: Creating play world package: /Game/StarterContent/Maps/UEDPIE_0_Minimal_Default
[2018.12.27-22.38.29:244][509]LogPlayLevel: PIE: StaticDuplicateObject took: (0.004506s)
[2018.12.27-22.38.29:245][509]LogAIModule: Creating AISystem for world Minimal_Default
[2018.12.27-22.38.29:245][509]LogPlayLevel: PIE: World Init took: (0.000930s)
[2018.12.27-22.38.29:245][509]LogPlayLevel: PIE: Created PIE world by copying editor world from /Game/StarterContent/Maps/Minimal_Default.Minimal_Default to /Game/StarterContent/Maps/UEDPIE_0_Minimal_Default.Minimal_Default (0.005632s)
[2018.12.27-22.38.29:307][509]LogInit: XAudio2 using 'Headset Earphone (Corsair VOID RGB USB Gaming Headset)' : 6 channels at 48 kHz using 16 bits per sample (channel mask 0x3f)
[2018.12.27-22.38.29:313][509]LogInit: FAudioDevice initialized.
[2018.12.27-22.38.29:348][509]LogLoad: Game class is 'GM_Base_C'
[2018.12.27-22.38.29:350][509]LogWorld: Bringing World /Game/StarterContent/Maps/UEDPIE_0_Minimal_Default.Minimal_Default up for play (max tick rate 0) at 2018.12.27-14.38.29
[2018.12.27-22.38.29:350][509]LogWorld: Bringing up level for play took: 0.000983
[2018.12.27-22.38.29:369][509]PIE: Play in editor start time for /Game/StarterContent/Maps/UEDPIE_0_Minimal_Default 1
[2018.12.27-22.38.29:369][509]LogBlueprintUserMessages: Late PlayInEditor Detection: Level '/Game/StarterContent/Maps/Minimal_Default.Minimal_Default:PersistentLevel' has LevelScriptBlueprint '/Game/StarterContent/Maps/Minimal_Default.Minimal_Default:PersistentLevel.Minimal_Default' with GeneratedClass '/Game/StarterContent/Maps/Minimal_Default.Minimal_Default_C' with ClassGeneratedBy '/Game/StarterContent/Maps/Minimal_Default.Minimal_Default:PersistentLevel.Minimal_Default'
[2018.12.27-22.38.45:005][278]LogBlueprintUserMessages: Early EndPlayMap Detection: Level '/Game/StarterContent/Maps/Minimal_Default.Minimal_Default:PersistentLevel' has LevelScriptBlueprint '/Game/StarterContent/Maps/Minimal_Default.Minimal_Default:PersistentLevel.Minimal_Default' with GeneratedClass '/Game/StarterContent/Maps/Minimal_Default.Minimal_Default_C' with ClassGeneratedBy '/Game/StarterContent/Maps/Minimal_Default.Minimal_Default:PersistentLevel.Minimal_Default'
[2018.12.27-22.38.45:005][278]LogSlate: Updating window title bar state: overlay mode, drag disabled, window buttons hidden, title bar hidden
[2018.12.27-22.38.45:041][278]LogPlayLevel: Display: Shutting down PIE online subsystems
[2018.12.27-22.38.45:042][278]LogBlueprintUserMessages: Late EndPlayMap Detection: Level '/Game/StarterContent/Maps/Minimal_Default.Minimal_Default:PersistentLevel' has LevelScriptBlueprint '/Game/StarterContent/Maps/Minimal_Default.Minimal_Default:PersistentLevel.Minimal_Default' with GeneratedClass '/Game/StarterContent/Maps/Minimal_Default.Minimal_Default_C' with ClassGeneratedBy '/Game/StarterContent/Maps/Minimal_Default.Minimal_Default:PersistentLevel.Minimal_Default'
[2018.12.27-22.38.45:090][278]LogSlate: Updating window title bar state: overlay mode, drag disabled, window buttons hidden, title bar hidden
[2018.12.27-22.38.45:121][279]LogPlayLevel: Display: Destroying online subsystem :Context_9
[2018.12.27-22.38.48:104][475]LogSlate: FSceneViewport::OnFocusLost() reason 2
[2018.12.27-22.39.40:048][603]BlueprintLog: New page: Compile RED_CAR
[2018.12.27-22.39.41:416][660]LogSlate: Window 'RED_CAR*' being destroyed
[2018.12.27-22.39.41:419][660]LogSlate: Window 'RED_CAR*' being destroyed
[2018.12.27-22.39.42:066][714]LogSlate: FSceneViewport::OnFocusLost() reason 0
[2018.12.27-22.39.42:158][724]LogTemp: Repeating last play command: Selected Viewport
[2018.12.27-22.39.42:183][724]LogBlueprintUserMessages: Early PlayInEditor Detection: Level '/Game/StarterContent/Maps/Minimal_Default.Minimal_Default:PersistentLevel' has LevelScriptBlueprint '/Game/StarterContent/Maps/Minimal_Default.Minimal_Default:PersistentLevel.Minimal_Default' with GeneratedClass '/Game/StarterContent/Maps/Minimal_Default.Minimal_Default_C' with ClassGeneratedBy '/Game/StarterContent/Maps/Minimal_Default.Minimal_Default:PersistentLevel.Minimal_Default'
[2018.12.27-22.39.42:183][724]LogPlayLevel: PlayLevel: No blueprints needed recompiling
[2018.12.27-22.39.42:183][724]PIE: New page: PIE session: Minimal_Default (Dec 27, 2018, 6:39:42 AM)
[2018.12.27-22.39.42:183][724]LogPlayLevel: Creating play world package: /Game/StarterContent/Maps/UEDPIE_0_Minimal_Default
[2018.12.27-22.39.42:187][724]LogPlayLevel: PIE: StaticDuplicateObject took: (0.003977s)
[2018.12.27-22.39.42:188][724]LogAIModule: Creating AISystem for world Minimal_Default
[2018.12.27-22.39.42:188][724]LogPlayLevel: PIE: World Init took: (0.000906s)
[2018.12.27-22.39.42:189][724]LogPlayLevel: PIE: Created PIE world by copying editor world from /Game/StarterContent/Maps/Minimal_Default.Minimal_Default to /Game/StarterContent/Maps/UEDPIE_0_Minimal_Default.Minimal_Default (0.005115s)
[2018.12.27-22.39.42:242][724]LogInit: XAudio2 using 'Headset Earphone (Corsair VOID RGB USB Gaming Headset)' : 6 channels at 48 kHz using 16 bits per sample (channel mask 0x3f)
[2018.12.27-22.39.42:248][724]LogInit: FAudioDevice initialized.
[2018.12.27-22.39.42:284][724]LogLoad: Game class is 'GM_Base_C'
[2018.12.27-22.39.42:285][724]LogWorld: Bringing World /Game/StarterContent/Maps/UEDPIE_0_Minimal_Default.Minimal_Default up for play (max tick rate 0) at 2018.12.27-14.39.42
[2018.12.27-22.39.42:285][724]LogWorld: Bringing up level for play took: 0.000788
[2018.12.27-22.39.42:301][724]PIE: Play in editor start time for /Game/StarterContent/Maps/UEDPIE_0_Minimal_Default -0.067
[2018.12.27-22.39.42:302][724]LogBlueprintUserMessages: Late PlayInEditor Detection: Level '/Game/StarterContent/Maps/Minimal_Default.Minimal_Default:PersistentLevel' has LevelScriptBlueprint '/Game/StarterContent/Maps/Minimal_Default.Minimal_Default:PersistentLevel.Minimal_Default' with GeneratedClass '/Game/StarterContent/Maps/Minimal_Default.Minimal_Default_C' with ClassGeneratedBy '/Game/StarterContent/Maps/Minimal_Default.Minimal_Default:PersistentLevel.Minimal_Default'
[2018.12.27-22.39.48:422][420]LogBlueprintUserMessages: Early EndPlayMap Detection: Level '/Game/StarterContent/Maps/Minimal_Default.Minimal_Default:PersistentLevel' has LevelScriptBlueprint '/Game/StarterContent/Maps/Minimal_Default.Minimal_Default:PersistentLevel.Minimal_Default' with GeneratedClass '/Game/StarterContent/Maps/Minimal_Default.Minimal_Default_C' with ClassGeneratedBy '/Game/StarterContent/Maps/Minimal_Default.Minimal_Default:PersistentLevel.Minimal_Default'
[2018.12.27-22.39.48:422][420]LogSlate: Updating window title bar state: overlay mode, drag disabled, window buttons hidden, title bar hidden
[2018.12.27-22.39.48:461][420]LogPlayLevel: Display: Shutting down PIE online subsystems
[2018.12.27-22.39.48:462][420]LogBlueprintUserMessages: Late EndPlayMap Detection: Level '/Game/StarterContent/Maps/Minimal_Default.Minimal_Default:PersistentLevel' has LevelScriptBlueprint '/Game/StarterContent/Maps/Minimal_Default.Minimal_Default:PersistentLevel.Minimal_Default' with GeneratedClass '/Game/StarterContent/Maps/Minimal_Default.Minimal_Default_C' with ClassGeneratedBy '/Game/StarterContent/Maps/Minimal_Default.Minimal_Default:PersistentLevel.Minimal_Default'
[2018.12.27-22.39.48:502][420]LogSlate: Updating window title bar state: overlay mode, drag disabled, window buttons hidden, title bar hidden
[2018.12.27-22.39.48:531][421]LogPlayLevel: Display: Destroying online subsystem :Context_10
[2018.12.27-22.48.10:212][ 17]LogFileHelpers: Editor autosave (incl. sublevels) for '/Game/StarterContent/Maps/Minimal_Default' took 0.066
[2018.12.27-22.48.10:217][ 17]OBJ SavePackage: Generating thumbnails for [1] asset(s) in package [/Game/RED_CAR] ([1] browsable assets)...
[2018.12.27-22.48.10:244][ 17]OBJ SavePackage:     Rendered thumbnail for [Blueprint /Game/RED_CAR.RED_CAR]
[2018.12.27-22.48.10:244][ 17]OBJ SavePackage: Finished generating thumbnails for package [/Game/RED_CAR]
[2018.12.27-22.48.10:244][ 17]Cmd: OBJ SAVEPACKAGE PACKAGE="/Game/RED_CAR" FILE="../../../../../../Users/Paul/Documents/GitHub/crossyroad/CrossyRoad/Saved/Autosaves/Game/RED_CAR_Auto1.uasset" SILENT=false AUTOSAVING=true
[2018.12.27-22.48.10:326][ 17]LogSavePackage: Moving '../../../../../../Users/Paul/Documents/GitHub/crossyroad/CrossyRoad/Saved/RED_CAR_Auto1663081E94C629B925D30618748EBD6ED.tmp' to '../../../../../../Users/Paul/Documents/GitHub/crossyroad/CrossyRoad/Saved/Autosaves/Game/RED_CAR_Auto1.uasset'
[2018.12.27-22.48.10:337][ 17]LogFileHelpers: Auto-saving content packages took 0.121
[2018.12.27-22.50.27:250][158]LogSlate: FSceneViewport::OnFocusLost() reason 2
